<?xml version="1.0" encoding="UTF-8"?>
<testng-results skipped="0" failed="0" ignored="0" total="1" passed="1">
  <reporter-output>
  </reporter-output>
  <suite name="Default suite" duration-ms="63476" started-at="2022-05-11T17:23:27Z" finished-at="2022-05-11T17:24:31Z">
    <groups>
    </groups>
    <test name="Default test" duration-ms="63476" started-at="2022-05-11T17:23:27Z" finished-at="2022-05-11T17:24:31Z">
      <class name="Test_Scripts.TestScript">
        <test-method status="PASS" signature="openapp()[pri:0, instance:Test_Scripts.TestScript@47c62251]" name="openapp" is-config="true" duration-ms="26942" started-at="2022-05-11T17:23:28Z" finished-at="2022-05-11T17:23:54Z">
          <reporter-output>
          </reporter-output>
        </test-method> <!-- openapp -->
        <test-method status="PASS" signature="test()[pri:0, instance:Test_Scripts.TestScript@47c62251]" name="test" duration-ms="36480" started-at="2022-05-11T17:23:54Z" finished-at="2022-05-11T17:24:31Z">
          <reporter-output>
          </reporter-output>
        </test-method> <!-- test -->
      </class> <!-- Test_Scripts.TestScript -->
    </test> <!-- Default test -->
  </suite> <!-- Default suite -->
</testng-results>
